0 info it worked if it ends with ok
1 verbose cli [ 'node', '/usr/local/bin/npm', 'install' ]
2 info using npm@2.14.4
3 info using node@v0.12.7
4 verbose node symlink /usr/local/bin/node
5 verbose readDependencies loading dependencies from /Users/dan/workspace/node-sdl-runtime/package.json
6 warn package.json node-sdl@0.2.0 No license field.
7 verbose install where, deps [ '/Users/dan/workspace/node-sdl-runtime', [ 'nan' ] ]
8 verbose install where, peers [ '/Users/dan/workspace/node-sdl-runtime', [] ]
9 verbose installManyTop reading for lifecycle /Users/dan/workspace/node-sdl-runtime/package.json
10 info preinstall node-sdl@0.2.0
11 verbose installManyTop reading scoped package data from /Users/dan/workspace/node-sdl-runtime/node_modules/nan/package.json
12 verbose readDependencies loading dependencies from /Users/dan/workspace/node-sdl-runtime/package.json
13 verbose targetResolver reading package data from /Users/dan/workspace/node-sdl-runtime/node_modules/nan/package.json
14 verbose already installed skipping nan@^2.1.0 /Users/dan/workspace/node-sdl-runtime
15 silly install resolved []
16 info build /Users/dan/workspace/node-sdl-runtime
17 info linkStuff node-sdl@0.2.0
18 silly linkStuff node-sdl@0.2.0 has /Users/dan/workspace as its parent node_modules
19 verbose linkBins node-sdl@0.2.0
20 verbose linkMans node-sdl@0.2.0
21 verbose rebuildBundles node-sdl@0.2.0
22 verbose rebuildBundles [ 'nan' ]
23 info install node-sdl@0.2.0
24 verbose unsafe-perm in lifecycle true
25 info node-sdl@0.2.0 Failed to exec install script
26 verbose stack Error: node-sdl@0.2.0 install: `node-gyp rebuild`
26 verbose stack Exit status 1
26 verbose stack     at EventEmitter.<anonymous> (/usr/local/lib/node_modules/npm/lib/utils/lifecycle.js:214:16)
26 verbose stack     at EventEmitter.emit (events.js:110:17)
26 verbose stack     at ChildProcess.<anonymous> (/usr/local/lib/node_modules/npm/lib/utils/spawn.js:24:14)
26 verbose stack     at ChildProcess.emit (events.js:110:17)
26 verbose stack     at maybeClose (child_process.js:1015:16)
26 verbose stack     at Process.ChildProcess._handle.onexit (child_process.js:1087:5)
27 verbose pkgid node-sdl@0.2.0
28 verbose cwd /Users/dan/workspace/node-sdl-runtime
29 error Darwin 15.3.0
30 error argv "node" "/usr/local/bin/npm" "install"
31 error node v0.12.7
32 error npm  v2.14.4
33 error code ELIFECYCLE
34 error node-sdl@0.2.0 install: `node-gyp rebuild`
34 error Exit status 1
35 error Failed at the node-sdl@0.2.0 install script 'node-gyp rebuild'.
35 error This is most likely a problem with the node-sdl package,
35 error not with npm itself.
35 error Tell the author that this fails on your system:
35 error     node-gyp rebuild
35 error You can get their info via:
35 error     npm owner ls node-sdl
35 error There is likely additional logging output above.
36 verbose exit [ 1, true ]
